<?xml version="1.0" encoding="UTF-8"?>
<testng-results ignored="0" total="5" passed="5" failed="0" skipped="0">
  <reporter-output>
  </reporter-output>
  <suite started-at="2025-02-09T19:12:26 ICT" name="Surefire suite" finished-at="2025-02-09T19:12:41 ICT" duration-ms="15645">
    <groups>
    </groups>
    <test started-at="2025-02-09T19:12:26 ICT" name="Surefire test" finished-at="2025-02-09T19:12:41 ICT" duration-ms="15645">
      <class name="Tests.ProductsTest">
        <test-method signature="validateNavigationToOnlineProducts()[pri:1, instance:Tests.ProductsTest@5149d738]" started-at="2025-02-09T19:12:30 ICT" name="validateNavigationToOnlineProducts" finished-at="2025-02-09T19:12:34 ICT" duration-ms="4299" status="PASS">
          <reporter-output>
          </reporter-output>
        </test-method> <!-- validateNavigationToOnlineProducts -->
        <test-method signature="validateTitle()[pri:2, instance:Tests.ProductsTest@5149d738]" started-at="2025-02-09T19:12:34 ICT" name="validateTitle" finished-at="2025-02-09T19:12:36 ICT" duration-ms="1443" status="PASS">
          <reporter-output>
          </reporter-output>
        </test-method> <!-- validateTitle -->
        <test-method signature="validateFirstFormalShoes()[pri:3, instance:Tests.ProductsTest@5149d738]" started-at="2025-02-09T19:12:36 ICT" name="validateFirstFormalShoes" finished-at="2025-02-09T19:12:37 ICT" duration-ms="1170" status="PASS">
          <reporter-output>
          </reporter-output>
        </test-method> <!-- validateFirstFormalShoes -->
        <test-method signature="validateFirstSportsShoes()[pri:4, instance:Tests.ProductsTest@5149d738]" started-at="2025-02-09T19:12:37 ICT" name="validateFirstSportsShoes" finished-at="2025-02-09T19:12:38 ICT" duration-ms="1170" status="PASS">
          <reporter-output>
          </reporter-output>
        </test-method> <!-- validateFirstSportsShoes -->
        <test-method signature="validateFirstSneakers()[pri:5, instance:Tests.ProductsTest@5149d738]" started-at="2025-02-09T19:12:38 ICT" name="validateFirstSneakers" finished-at="2025-02-09T19:12:39 ICT" duration-ms="1146" status="PASS">
          <reporter-output>
          </reporter-output>
        </test-method> <!-- validateFirstSneakers -->
      </class> <!-- Tests.ProductsTest -->
      <class name="Tests.BaseTest">
        <test-method is-config="true" signature="setUp()[pri:0, instance:Tests.BaseTest@2af004b]" started-at="2025-02-09T19:12:26 ICT" name="setUp" finished-at="2025-02-09T19:12:30 ICT" duration-ms="4382" status="PASS">
          <reporter-output>
          </reporter-output>
        </test-method> <!-- setUp -->
        <test-method is-config="true" signature="tearDown()[pri:0, instance:Tests.BaseTest@2af004b]" started-at="2025-02-09T19:12:39 ICT" name="tearDown" finished-at="2025-02-09T19:12:41 ICT" duration-ms="1990" status="PASS">
          <reporter-output>
          </reporter-output>
        </test-method> <!-- tearDown -->
      </class> <!-- Tests.BaseTest -->
    </test> <!-- Surefire test -->
  </suite> <!-- Surefire suite -->
</testng-results>
