<?xml version="1.0" encoding="UTF-8"?>
<!-- Generated by org.testng.reporters.JUnitXMLReporter -->
<testsuite ignored="4" hostname="LAPTOP-HFM62E22" failures="0" tests="5" name="Surefire test" time="15.645" errors="0" timestamp="2025-02-09T19:12:41 ICT">
  <testcase classname="Tests.ProductsTest" name="validateNavigationToOnlineProducts" time="4.299"/>
  <testcase classname="Tests.ProductsTest" name="validateTitle" time="1.443"/>
  <testcase classname="Tests.ProductsTest" name="validateFirstFormalShoes" time="1.17"/>
  <testcase classname="Tests.ProductsTest" name="validateFirstSportsShoes" time="1.17"/>
  <testcase classname="Tests.ProductsTest" name="validateFirstSneakers" time="1.146"/>
  <testcase classname="Tests.BaseTest" name="@AfterTest tearDown" time="0.0">
    <ignored/>
  </testcase> <!-- @AfterTest tearDown -->
  <testcase classname="Tests.BaseTest" name="@BeforeTest setUp" time="0.0">
    <ignored/>
  </testcase> <!-- @BeforeTest setUp -->
  <testcase classname="Tests.BaseTest" name="@BeforeTest setUp" time="0.0">
    <ignored/>
  </testcase> <!-- @BeforeTest setUp -->
  <testcase classname="Tests.BaseTest" name="@AfterTest tearDown" time="0.0">
    <ignored/>
  </testcase> <!-- @AfterTest tearDown -->
</testsuite> <!-- Surefire test -->
